INFO main org.bioinfo.gcsa.lib.account.db.AccountMongoDBManager - mongodb connect
INFO main org.bioinfo.gcsa.lib.account.db.AccountMongoDBManager - mongodb connect
INFO main org.bioinfo.gcsa.lib.account.db.AccountMongoDBManager - mongodb connect
INFO main org.bioinfo.gcsa.lib.storage.IndexerManager - null/samtools/samtools
INFO main org.bioinfo.gcsa.lib.storage.IndexerManager - null/samtools/samtools sort /httpd/bioinfo/gcsa/accounts/paco/buckets/default/HG00096.chrom20.ILLUMINA.bwa.GBR.exome.20111114.bam /httpd/bioinfo/gcsa/accounts/paco/buckets/default/HG00096.chrom20.ILLUMINA.bwa.GBR.exome.20111114.bam.sort
INFO main org.bioinfo.gcsa.lib.account.CloudSessionManager - /httpd/bioinfo/gcsa
INFO main org.bioinfo.gcsa.lib.storage.IndexerManager - null/samtools/samtools
INFO main org.bioinfo.gcsa.lib.storage.IndexerManager - null/samtools/samtools sort /httpd/bioinfo/gcsa/accounts/paco/buckets/default/HG00096.chrom20.ILLUMINA.bwa.GBR.exome.20111114.bam /httpd/bioinfo/gcsa/accounts/paco/buckets/default/HG00096.chrom20.ILLUMINA.bwa.GBR.exome.20111114.bam.sort
INFO main org.bioinfo.gcsa.lib.storage.IndexerManager - {GCSA.ACCOUNT.MODE=mongodb, TMP.PATH=/tmp, GCSA.MONGO.DB=usertest, GCSA.MONGO.PASS=, GCSA.MONGO.HOST=mem15, GCSA.MONGO.COLLECTION=users, GCSA.ENV.HOME=GCSA_HOME, GCSA.ACCOUNT.PATH=/accounts, GCSA.MONGO.PORT=27017, GCSA.MONGO.USER=}
INFO main org.bioinfo.gcsa.lib.storage.IndexerManager - null/samtools/samtools
INFO main org.bioinfo.gcsa.lib.storage.IndexerManager - null/samtools/samtools sort /httpd/bioinfo/gcsa/accounts/paco/buckets/default/HG00096.chrom20.ILLUMINA.bwa.GBR.exome.20111114.bam /httpd/bioinfo/gcsa/accounts/paco/buckets/default/HG00096.chrom20.ILLUMINA.bwa.GBR.exome.20111114.bam.sort
INFO main org.bioinfo.gcsa.lib.storage.IndexerManager - 
INFO main org.bioinfo.gcsa.lib.storage.IndexerManager - null/samtools/samtools
INFO main org.bioinfo.gcsa.lib.storage.IndexerManager - null/samtools/samtools sort /httpd/bioinfo/gcsa/accounts/paco/buckets/default/HG00096.chrom20.ILLUMINA.bwa.GBR.exome.20111114.bam /httpd/bioinfo/gcsa/accounts/paco/buckets/default/HG00096.chrom20.ILLUMINA.bwa.GBR.exome.20111114.bam.sort
INFO main org.bioinfo.gcsa.lib.storage.IndexerManager - {GCSA.ACCOUNT.MODE=mongodb, TMP.PATH=/tmp, GCSA.MONGO.DB=usertest, GCSA.MONGO.PASS=, GCSA.MONGO.HOST=mem15, GCSA.MONGO.COLLECTION=users, GCSA.ENV.HOME=GCSA_HOME, GCSA.ACCOUNT.PATH=/accounts, GCSA.MONGO.PORT=27017, GCSA.MONGO.USER=}
INFO main org.bioinfo.gcsa.lib.storage.IndexerManager - 
INFO main org.bioinfo.gcsa.lib.storage.IndexerManager - null/samtools/samtools
INFO main org.bioinfo.gcsa.lib.storage.IndexerManager - null/samtools/samtools sort /httpd/bioinfo/gcsa/accounts/paco/buckets/default/HG00096.chrom20.ILLUMINA.bwa.GBR.exome.20111114.bam /httpd/bioinfo/gcsa/accounts/paco/buckets/default/HG00096.chrom20.ILLUMINA.bwa.GBR.exome.20111114.bam.sort
INFO main org.bioinfo.gcsa.lib.storage.IndexerManager - {ANALYSIS.JOB.EXECUTOR=SGE, SGE.LOG.LEVEL=1, SGE.NORMAL.Q.TOOLS=*, SGE.MYSQL.Q.TOOLS=fatigo,fatiscan, ANALYSIS.BINARIES.PATH=analysis, SGE.DEFAULT.QUEUE=normal.q, ANALYSIS.LOG.LEVEL=1, SGE.AVAILABLE.QUEUES=normal.q,mysql.q}
INFO main org.bioinfo.gcsa.lib.storage.IndexerManager - analysis
INFO main org.bioinfo.gcsa.lib.storage.IndexerManager - analysis/samtools/samtools
INFO main org.bioinfo.gcsa.lib.storage.IndexerManager - analysis/samtools/samtools sort /httpd/bioinfo/gcsa/accounts/paco/buckets/default/HG00096.chrom20.ILLUMINA.bwa.GBR.exome.20111114.bam /httpd/bioinfo/gcsa/accounts/paco/buckets/default/HG00096.chrom20.ILLUMINA.bwa.GBR.exome.20111114.bam.sort
INFO main org.bioinfo.gcsa.lib.storage.IndexerManager - analysis
INFO main org.bioinfo.gcsa.lib.storage.IndexerManager - analysis/samtools/samtools
INFO main org.bioinfo.gcsa.lib.storage.IndexerManager - analysis/samtools/samtools sort /httpd/bioinfo/gcsa/accounts/paco/buckets/default/HG00096.chrom20.ILLUMINA.bwa.GBR.exome.20111114.bam /httpd/bioinfo/gcsa/accounts/paco/buckets/default/HG00096.chrom20.ILLUMINA.bwa.GBR.exome.20111114.bam.sort
INFO main org.bioinfo.gcsa.lib.storage.IndexerManager - analysis
INFO main org.bioinfo.gcsa.lib.storage.IndexerManager - /httpd/bioinfo/gcsa/analysis/samtools/samtools
INFO main org.bioinfo.gcsa.lib.storage.IndexerManager - /httpd/bioinfo/gcsa/analysis/samtools/samtools sort /httpd/bioinfo/gcsa/accounts/paco/buckets/default/HG00096.chrom20.ILLUMINA.bwa.GBR.exome.20111114.bam /httpd/bioinfo/gcsa/accounts/paco/buckets/default/HG00096.chrom20.ILLUMINA.bwa.GBR.exome.20111114.bam.sort
INFO main org.bioinfo.gcsa.lib.storage.IndexerManager - samtools sort exitValue: 0
INFO main org.bioinfo.gcsa.lib.storage.IndexerManager - /httpd/bioinfo/gcsa/accounts/paco/buckets/default/HG00096.chrom20.ILLUMINA.bwa.GBR.exome.20111114.bam
INFO main org.bioinfo.gcsa.lib.storage.IndexerManager - /httpd/bioinfo/gcsa/accounts/paco/buckets/default/HG00096.chrom20.ILLUMINA.bwa.GBR.exome.20111114.bam.sort.bam
INFO main org.bioinfo.gcsa.lib.storage.IndexerManager - samtools sort exitValue: 0
INFO main org.bioinfo.gcsa.lib.storage.IndexerManager - samtools sort exitValue: 0
INFO main org.bioinfo.gcsa.lib.storage.IndexerManager - samtools index exitValue: 0
INFO main org.bioinfo.gcsa.lib.storage.IndexerManager - samtools sort exitValue: 0
INFO main org.bioinfo.gcsa.lib.storage.IndexerManager - samtools index exitValue: 0
